C:\USERS\SHIRAN SHAUT\DESKTOP\SHIRAN\PAINT\DEBUG\PAINT.EXE
C:\USERS\SHIRAN SHAUT\DESKTOP\SHIRAN\PAINT\DEBUG\PAINT.ILK
C:\USERS\SHIRAN SHAUT\DESKTOP\SHIRAN\PAINT\DEBUG\PAINT.PDB
C:\USERS\SHIRAN SHAUT\DESKTOP\SHIRAN\PAINT\PAINT\DEBUG\ADDCOLOR.OBJ
C:\USERS\SHIRAN SHAUT\DESKTOP\SHIRAN\PAINT\PAINT\DEBUG\ADDSHAPE.OBJ
C:\USERS\SHIRAN SHAUT\DESKTOP\SHIRAN\PAINT\PAINT\DEBUG\COMMAND.OBJ
C:\USERS\SHIRAN SHAUT\DESKTOP\SHIRAN\PAINT\PAINT\DEBUG\DELETESHAPE.OBJ
C:\USERS\SHIRAN SHAUT\DESKTOP\SHIRAN\PAINT\PAINT\DEBUG\MYELLIPSE.OBJ
C:\USERS\SHIRAN SHAUT\DESKTOP\SHIRAN\PAINT\PAINT\DEBUG\MYHEXAGONAL.OBJ
C:\USERS\SHIRAN SHAUT\DESKTOP\SHIRAN\PAINT\PAINT\DEBUG\MYLINE.OBJ
C:\USERS\SHIRAN SHAUT\DESKTOP\SHIRAN\PAINT\PAINT\DEBUG\MYPENTAGON.OBJ
C:\USERS\SHIRAN SHAUT\DESKTOP\SHIRAN\PAINT\PAINT\DEBUG\MYRECTANGLE.OBJ
C:\USERS\SHIRAN SHAUT\DESKTOP\SHIRAN\PAINT\PAINT\DEBUG\MYSHAPE.OBJ
C:\USERS\SHIRAN SHAUT\DESKTOP\SHIRAN\PAINT\PAINT\DEBUG\MYTRAPEZE.OBJ
C:\USERS\SHIRAN SHAUT\DESKTOP\SHIRAN\PAINT\PAINT\DEBUG\MYTRIANGLE.OBJ
C:\USERS\SHIRAN SHAUT\DESKTOP\SHIRAN\PAINT\PAINT\DEBUG\OPENINGSCREEN.OBJ
C:\USERS\SHIRAN SHAUT\DESKTOP\SHIRAN\PAINT\PAINT\DEBUG\PAINT.EXE.EMBED.MANIFEST
C:\USERS\SHIRAN SHAUT\DESKTOP\SHIRAN\PAINT\PAINT\DEBUG\PAINT.EXE.EMBED.MANIFEST.RES
C:\USERS\SHIRAN SHAUT\DESKTOP\SHIRAN\PAINT\PAINT\DEBUG\PAINT.EXE.INTERMEDIATE.MANIFEST
C:\USERS\SHIRAN SHAUT\DESKTOP\SHIRAN\PAINT\PAINT\DEBUG\PAINT.OBJ
C:\USERS\SHIRAN SHAUT\DESKTOP\SHIRAN\PAINT\PAINT\DEBUG\PAINT.PCH
C:\USERS\SHIRAN SHAUT\DESKTOP\SHIRAN\PAINT\PAINT\DEBUG\PAINT.RES
C:\USERS\SHIRAN SHAUT\DESKTOP\SHIRAN\PAINT\PAINT\DEBUG\PAINTDLG.OBJ
C:\USERS\SHIRAN SHAUT\DESKTOP\SHIRAN\PAINT\PAINT\DEBUG\STDAFX.OBJ
C:\USERS\SHIRAN SHAUT\DESKTOP\SHIRAN\PAINT\PAINT\DEBUG\VC100.PDB
C:\USERS\SHIRAN SHAUT\DESKTOP\SHIRAN\לימודים\PAINT\DEBUG\PAINT.EXE
C:\USERS\SHIRAN SHAUT\DESKTOP\SHIRAN\לימודים\PAINT\DEBUG\PAINT.ILK
C:\USERS\SHIRAN SHAUT\DESKTOP\SHIRAN\לימודים\PAINT\DEBUG\PAINT.PDB
C:\USERS\SHIRAN SHAUT\DESKTOP\SHIRAN\לימודים\PAINT\PAINT\DEBUG\ADDCOLOR.OBJ
C:\USERS\SHIRAN SHAUT\DESKTOP\SHIRAN\לימודים\PAINT\PAINT\DEBUG\ADDSHAPE.OBJ
C:\Users\Shiran Shaut\Desktop\Shiran\לימודים\paint\Paint\Debug\cl.command.1.tlog
C:\Users\Shiran Shaut\Desktop\Shiran\לימודים\paint\Paint\Debug\CL.read.1.tlog
C:\Users\Shiran Shaut\Desktop\Shiran\לימודים\paint\Paint\Debug\CL.write.1.tlog
C:\USERS\SHIRAN SHAUT\DESKTOP\SHIRAN\לימודים\PAINT\PAINT\DEBUG\COMMAND.OBJ
C:\USERS\SHIRAN SHAUT\DESKTOP\SHIRAN\לימודים\PAINT\PAINT\DEBUG\DELETESHAPE.OBJ
C:\Users\Shiran Shaut\Desktop\Shiran\לימודים\paint\Paint\Debug\link.1044.read.1.tlog
C:\Users\Shiran Shaut\Desktop\Shiran\לימודים\paint\Paint\Debug\link.1044.write.1.tlog
C:\Users\Shiran Shaut\Desktop\Shiran\לימודים\paint\Paint\Debug\link.1044-cvtres.read.1.tlog
C:\Users\Shiran Shaut\Desktop\Shiran\לימודים\paint\Paint\Debug\link.1044-cvtres.write.1.tlog
C:\Users\Shiran Shaut\Desktop\Shiran\לימודים\paint\Paint\Debug\link.348.read.1.tlog
C:\Users\Shiran Shaut\Desktop\Shiran\לימודים\paint\Paint\Debug\link.348.write.1.tlog
C:\Users\Shiran Shaut\Desktop\Shiran\לימודים\paint\Paint\Debug\link.348-cvtres.read.1.tlog
C:\Users\Shiran Shaut\Desktop\Shiran\לימודים\paint\Paint\Debug\link.348-cvtres.write.1.tlog
C:\Users\Shiran Shaut\Desktop\Shiran\לימודים\paint\Paint\Debug\link.3564.read.1.tlog
C:\Users\Shiran Shaut\Desktop\Shiran\לימודים\paint\Paint\Debug\link.3564.write.1.tlog
C:\Users\Shiran Shaut\Desktop\Shiran\לימודים\paint\Paint\Debug\link.3564-cvtres.read.1.tlog
C:\Users\Shiran Shaut\Desktop\Shiran\לימודים\paint\Paint\Debug\link.3564-cvtres.write.1.tlog
C:\Users\Shiran Shaut\Desktop\Shiran\לימודים\paint\Paint\Debug\link.5932.read.1.tlog
C:\Users\Shiran Shaut\Desktop\Shiran\לימודים\paint\Paint\Debug\link.5932.write.1.tlog
C:\Users\Shiran Shaut\Desktop\Shiran\לימודים\paint\Paint\Debug\link.5932-cvtres.read.1.tlog
C:\Users\Shiran Shaut\Desktop\Shiran\לימודים\paint\Paint\Debug\link.5932-cvtres.write.1.tlog
C:\Users\Shiran Shaut\Desktop\Shiran\לימודים\paint\Paint\Debug\link.6588.read.1.tlog
C:\Users\Shiran Shaut\Desktop\Shiran\לימודים\paint\Paint\Debug\link.6588.write.1.tlog
C:\Users\Shiran Shaut\Desktop\Shiran\לימודים\paint\Paint\Debug\link.6588-cvtres.read.1.tlog
C:\Users\Shiran Shaut\Desktop\Shiran\לימודים\paint\Paint\Debug\link.6588-cvtres.write.1.tlog
C:\Users\Shiran Shaut\Desktop\Shiran\לימודים\paint\Paint\Debug\link.7312.read.1.tlog
C:\Users\Shiran Shaut\Desktop\Shiran\לימודים\paint\Paint\Debug\link.7312.write.1.tlog
C:\Users\Shiran Shaut\Desktop\Shiran\לימודים\paint\Paint\Debug\link.7312-cvtres.read.1.tlog
C:\Users\Shiran Shaut\Desktop\Shiran\לימודים\paint\Paint\Debug\link.7312-cvtres.write.1.tlog
C:\Users\Shiran Shaut\Desktop\Shiran\לימודים\paint\Paint\Debug\link.8780.read.1.tlog
C:\Users\Shiran Shaut\Desktop\Shiran\לימודים\paint\Paint\Debug\link.8780.write.1.tlog
C:\Users\Shiran Shaut\Desktop\Shiran\לימודים\paint\Paint\Debug\link.8780-cvtres.read.1.tlog
C:\Users\Shiran Shaut\Desktop\Shiran\לימודים\paint\Paint\Debug\link.8780-cvtres.write.1.tlog
C:\Users\Shiran Shaut\Desktop\Shiran\לימודים\paint\Paint\Debug\link.command.1.tlog
C:\Users\Shiran Shaut\Desktop\Shiran\לימודים\paint\Paint\Debug\link.read.1.tlog
C:\Users\Shiran Shaut\Desktop\Shiran\לימודים\paint\Paint\Debug\link.write.1.tlog
C:\Users\Shiran Shaut\Desktop\Shiran\לימודים\paint\Paint\Debug\link-cvtres.read.1.tlog
C:\Users\Shiran Shaut\Desktop\Shiran\לימודים\paint\Paint\Debug\link-cvtres.write.1.tlog
C:\Users\Shiran Shaut\Desktop\Shiran\לימודים\paint\Paint\Debug\mt.command.1.tlog
C:\Users\Shiran Shaut\Desktop\Shiran\לימודים\paint\Paint\Debug\mt.read.1.tlog
C:\Users\Shiran Shaut\Desktop\Shiran\לימודים\paint\Paint\Debug\mt.write.1.tlog
C:\USERS\SHIRAN SHAUT\DESKTOP\SHIRAN\לימודים\PAINT\PAINT\DEBUG\MYELLIPSE.OBJ
C:\USERS\SHIRAN SHAUT\DESKTOP\SHIRAN\לימודים\PAINT\PAINT\DEBUG\MYHEXAGONAL.OBJ
C:\USERS\SHIRAN SHAUT\DESKTOP\SHIRAN\לימודים\PAINT\PAINT\DEBUG\MYLINE.OBJ
C:\USERS\SHIRAN SHAUT\DESKTOP\SHIRAN\לימודים\PAINT\PAINT\DEBUG\MYPENTAGON.OBJ
C:\USERS\SHIRAN SHAUT\DESKTOP\SHIRAN\לימודים\PAINT\PAINT\DEBUG\MYRECTANGLE.OBJ
C:\USERS\SHIRAN SHAUT\DESKTOP\SHIRAN\לימודים\PAINT\PAINT\DEBUG\MYSHAPE.OBJ
C:\USERS\SHIRAN SHAUT\DESKTOP\SHIRAN\לימודים\PAINT\PAINT\DEBUG\MYTRAPEZE.OBJ
C:\USERS\SHIRAN SHAUT\DESKTOP\SHIRAN\לימודים\PAINT\PAINT\DEBUG\MYTRIANGLE.OBJ
C:\USERS\SHIRAN SHAUT\DESKTOP\SHIRAN\לימודים\PAINT\PAINT\DEBUG\OPENINGSCREEN.OBJ
C:\Users\Shiran Shaut\Desktop\Shiran\לימודים\paint\Paint\Debug\Paint.exe.embed.manifest
C:\USERS\SHIRAN SHAUT\DESKTOP\SHIRAN\לימודים\PAINT\PAINT\DEBUG\PAINT.EXE.EMBED.MANIFEST.RES
C:\USERS\SHIRAN SHAUT\DESKTOP\SHIRAN\לימודים\PAINT\PAINT\DEBUG\PAINT.EXE.INTERMEDIATE.MANIFEST
C:\USERS\SHIRAN SHAUT\DESKTOP\SHIRAN\לימודים\PAINT\PAINT\DEBUG\PAINT.OBJ
C:\USERS\SHIRAN SHAUT\DESKTOP\SHIRAN\לימודים\PAINT\PAINT\DEBUG\PAINT.PCH
C:\USERS\SHIRAN SHAUT\DESKTOP\SHIRAN\לימודים\PAINT\PAINT\DEBUG\PAINT.RES
C:\Users\Shiran Shaut\Desktop\Shiran\לימודים\paint\Paint\Debug\Paint.vcxprojResolveAssemblyReference.cache
C:\Users\Shiran Shaut\Desktop\Shiran\לימודים\paint\Paint\Debug\Paint.write.1.tlog
C:\Users\Shiran Shaut\Desktop\Shiran\לימודים\paint\Paint\Debug\Paint_manifest.rc
C:\USERS\SHIRAN SHAUT\DESKTOP\SHIRAN\לימודים\PAINT\PAINT\DEBUG\PAINTDLG.OBJ
C:\Users\Shiran Shaut\Desktop\Shiran\לימודים\paint\Paint\Debug\rc.command.1.tlog
C:\Users\Shiran Shaut\Desktop\Shiran\לימודים\paint\Paint\Debug\rc.read.1.tlog
C:\Users\Shiran Shaut\Desktop\Shiran\לימודים\paint\Paint\Debug\rc.write.1.tlog
C:\USERS\SHIRAN SHAUT\DESKTOP\SHIRAN\לימודים\PAINT\PAINT\DEBUG\STDAFX.OBJ
C:\Users\Shiran Shaut\Desktop\Shiran\לימודים\paint\Paint\Debug\vc100.idb
C:\USERS\SHIRAN SHAUT\DESKTOP\SHIRAN\לימודים\PAINT\PAINT\DEBUG\VC100.PDB
